This is pdfTeX, Version 3.141592653-2.6-1.40.23 (MiKTeX 21.8) (preloaded format=pdflatex 2022.4.23)  24 MAY 2022 10:38
entering extended mode
**"./Zavereƒçn√° pr√°ca.tex"
(Zavereƒçn√° pr√°ca.tex
LaTeX2e <2021-06-01> patch level 1
L3 programming layer <2021-08-27> (mybook.cls
Document Class: mybook 1999/09/10 v1.4a Standard LaTeX document class
(C:\Users\micha\AppData\Local\Programs\MiKTeX\tex/latex/base\fleqn.clo
File: fleqn.clo 2016/12/29 v1.2b Standard LaTeX option (flush left equations)
\mathindent=\skip47
Applying: [2015/01/01] Make \[ robust on input line 50.
LaTeX Info: Redefining \[ on input line 51.
Already applied: [0000/00/00] Make \[ robust on input line 62.
Applying: [2015/01/01] Make \] robust on input line 74.
LaTeX Info: Redefining \] on input line 75.
Already applied: [0000/00/00] Make \] robust on input line 83.
)
(C:\Users\micha\AppData\Local\Programs\MiKTeX\tex/latex/base\bk12.clo
File: bk12.clo 2021/02/12 v1.4n Standard LaTeX file (size option)
)
\c@part=\count182
\c@chapter=\count183
\c@section=\count184
\c@subsection=\count185
\c@subsubsection=\count186
\c@paragraph=\count187
\c@subparagraph=\count188
\c@figure=\count189
\c@table=\count190
\abovecaptionskip=\skip48
\belowcaptionskip=\skip49
\bibindent=\dimen138
)
(C:\Users\micha\AppData\Local\Programs\MiKTeX\tex/generic/babel\babel.sty
Package: babel 2021/07/22 3.63 The Babel package

(C:\Users\micha\AppData\Local\Programs\MiKTeX\tex/generic/babel\babel.def
File: babel.def 2021/07/22 3.63 Babel common definitions
\babel@savecnt=\count191
\U@D=\dimen139
\l@unhyphenated=\language79

(C:\Users\micha\AppData\Local\Programs\MiKTeX\tex/generic/babel\txtbabel.def)
\bbl@readstream=\read2
)
\bbl@dirlevel=\count192

*************************************
* Local config file bblopts.cfg used
*
(C:\Users\micha\AppData\Local\Programs\MiKTeX\tex/latex/arabi\bblopts.cfg
File: bblopts.cfg 2005/09/08 v0.1 add Arabic and Farsi to "declared" options of
 babel
)
(C:\Users\micha\AppData\Local\Programs\MiKTeX\tex/latex/babel-slovak\slovak.ldf
Language: slovak 2008/07/06 v3.1a Slovak support from the babel system
Package babel Info: Making ^ an active character on input line 123.
Package babel Info: Making " an active character on input line 126.
Package babel Info: Making ' an active character on input line 129.
\cs@wordlen=\count193
Package babel Info: Making - an active character on input line 294.
)) (C:\Users\micha\AppData\Local\Programs\MiKTeX\tex/latex/base\inputenc.sty
Package: inputenc 2021/02/14 v1.3d Input encoding file
\inpenc@prehook=\toks16
\inpenc@posthook=\toks17
)
(C:\Users\micha\AppData\Local\Programs\MiKTeX\tex/latex/base\fontenc.sty
Package: fontenc 2021/04/29 v2.0v Standard LaTeX package
)
(C:\Users\micha\AppData\Local\Programs\MiKTeX\tex/latex/mathtools\mathtools.sty
Package: mathtools 2022/02/07 v1.28a mathematical typesetting tools
(C:\Users\micha\AppData\Local\Programs\MiKTeX\tex/latex/graphics\keyval.sty
Package: keyval 2014/10/28 v1.15 key=value parser (DPC)
\KV@toks@=\toks18
)
(C:\Users\micha\AppData\Local\Programs\MiKTeX\tex/latex/tools\calc.sty
Package: calc 2017/05/25 v4.3 Infix arithmetic (KKT,FJ)
\calc@Acount=\count194
\calc@Bcount=\count195
\calc@Adimen=\dimen140
\calc@Bdimen=\dimen141
\calc@Askip=\skip50
\calc@Bskip=\skip51
LaTeX Info: Redefining \setlength on input line 80.
LaTeX Info: Redefining \addtolength on input line 81.
\calc@Ccount=\count196
\calc@Cskip=\skip52
)
(C:\Users\micha\AppData\Local\Programs\MiKTeX\tex/latex/mathtools\mhsetup.sty
Package: mhsetup 2021/03/18 v1.4 programming setup (MH)
)
(C:\Users\micha\AppData\Local\Programs\MiKTeX\tex/latex/amsmath\amsmath.sty
Package: amsmath 2021/04/20 v2.17j AMS math features
\@mathmargin=\skip53

For additional information on amsmath, use the `?' option.
(C:\Users\micha\AppData\Local\Programs\MiKTeX\tex/latex/amsmath\amstext.sty
Package: amstext 2000/06/29 v2.01 AMS text

(C:\Users\micha\AppData\Local\Programs\MiKTeX\tex/latex/amsmath\amsgen.sty
File: amsgen.sty 1999/11/30 v2.0 generic functions
\@emptytoks=\toks19
\ex@=\dimen142
))
(C:\Users\micha\AppData\Local\Programs\MiKTeX\tex/latex/amsmath\amsbsy.sty
Package: amsbsy 1999/11/29 v1.2d Bold Symbols
\pmbraise@=\dimen143
)
(C:\Users\micha\AppData\Local\Programs\MiKTeX\tex/latex/amsmath\amsopn.sty
Package: amsopn 2016/03/08 v2.02 operator names
)
\inf@bad=\count197
LaTeX Info: Redefining \frac on input line 234.
\uproot@=\count198
\leftroot@=\count199
LaTeX Info: Redefining \overline on input line 399.
\classnum@=\count266
\DOTSCASE@=\count267
LaTeX Info: Redefining \ldots on input line 496.
LaTeX Info: Redefining \dots on input line 499.
LaTeX Info: Redefining \cdots on input line 620.
\Mathstrutbox@=\box50
\strutbox@=\box51
\big@size=\dimen144
LaTeX Font Info:    Redeclaring font encoding OML on input line 743.
LaTeX Font Info:    Redeclaring font encoding OMS on input line 744.
\macc@depth=\count268
\c@MaxMatrixCols=\count269
\dotsspace@=\muskip16
\c@parentequation=\count270
\dspbrk@lvl=\count271
\tag@help=\toks20
\row@=\count272
\column@=\count273
\maxfields@=\count274
\andhelp@=\toks21
\eqnshift@=\dimen145
\alignsep@=\dimen146
\tagshift@=\dimen147
\tagwidth@=\dimen148
\totwidth@=\dimen149
\lineht@=\dimen150
\@envbody=\toks22
\multlinegap=\skip54
\multlinetaggap=\skip55
\mathdisplay@stack=\toks23
LaTeX Info: Redefining \[ on input line 2923.
LaTeX Info: Redefining \] on input line 2924.
)
\g_MT_multlinerow_int=\count275
\l_MT_multwidth_dim=\dimen151
\origjot=\skip56
\l_MT_shortvdotswithinadjustabove_dim=\dimen152
\l_MT_shortvdotswithinadjustbelow_dim=\dimen153
\l_MT_above_intertext_sep=\dimen154
\l_MT_below_intertext_sep=\dimen155
\l_MT_above_shortintertext_sep=\dimen156
\l_MT_below_shortintertext_sep=\dimen157
\xmathstrut@box=\box52
\xmathstrut@dim=\dimen158
)
(C:\Users\micha\AppData\Local\Programs\MiKTeX\tex/latex/graphics\graphicx.sty
Package: graphicx 2020/12/05 v1.2c Enhanced LaTeX Graphics (DPC,SPQR)

(C:\Users\micha\AppData\Local\Programs\MiKTeX\tex/latex/graphics\graphics.sty
Package: graphics 2021/03/04 v1.4d Standard LaTeX Graphics (DPC,SPQR)

(C:\Users\micha\AppData\Local\Programs\MiKTeX\tex/latex/graphics\trig.sty
Package: trig 2016/01/03 v1.10 sin cos tan (DPC)
)
(C:\Users\micha\AppData\Local\Programs\MiKTeX\tex/latex/graphics-cfg\graphics.c
fg
File: graphics.cfg 2016/06/04 v1.11 sample graphics configuration
)
Package graphics Info: Driver file: pdftex.def on input line 107.

(C:\Users\micha\AppData\Local\Programs\MiKTeX\tex/latex/graphics-def\pdftex.def
File: pdftex.def 2020/10/05 v1.2a Graphics/color driver for pdftex
))
\Gin@req@height=\dimen159
\Gin@req@width=\dimen160
)
(C:\Users\micha\AppData\Local\Programs\MiKTeX\tex/latex/subfigure\subfigure.sty
Package: subfigure 2002/07/30 v2.1.4 subfigure package
\subfigtopskip=\skip57
\subfigcapskip=\skip58
\subfigcaptopadj=\dimen161
\subfigbottomskip=\skip59
\subfigcapmargin=\dimen162
\subfiglabelskip=\skip60
\c@subfigure=\count276
\c@lofdepth=\count277
\c@subtable=\count278
\c@lotdepth=\count279
****************************************
* Local config file subfigure.cfg used *
****************************************

(C:\Users\micha\AppData\Local\Programs\MiKTeX\tex/latex/subfigure\subfigure.cfg
)
\subfig@top=\skip61
\subfig@bottom=\skip62
) (C:\Users\micha\AppData\Local\Programs\MiKTeX\tex/latex/tools\enumerate.sty
Package: enumerate 2015/07/23 v3.00 enumerate extensions (DPC)
\@enLab=\toks24
) (C:\Users\micha\AppData\Local\Programs\MiKTeX\tex/latex/etoolbox\etoolbox.sty
Package: etoolbox 2020/10/05 v2.5k e-TeX tools for LaTeX (JAW)
\etb@tempcnta=\count280
) (C:\Users\micha\AppData\Local\Programs\MiKTeX\tex/latex/xcolor\xcolor.sty
Package: xcolor 2016/05/11 v2.12 LaTeX color extensions (UK)

(C:\Users\micha\AppData\Local\Programs\MiKTeX\tex/latex/graphics-cfg\color.cfg
File: color.cfg 2016/01/02 v1.6 sample color configuration
)
Package xcolor Info: Driver file: pdftex.def on input line 225.
(C:\Users\micha\AppData\Local\Programs\MiKTeX\tex/latex/colortbl\colortbl.sty
Package: colortbl 2020/01/04 v1.0e Color table columns (DPC)

(C:\Users\micha\AppData\Local\Programs\MiKTeX\tex/latex/tools\array.sty
Package: array 2021/04/20 v2.5e Tabular extension package (FMi)
\col@sep=\dimen163
\ar@mcellbox=\box53
\extrarowheight=\dimen164
\NC@list=\toks25
\extratabsurround=\skip63
\backup@length=\skip64
\ar@cellbox=\box54
)
\everycr=\toks26
\minrowclearance=\skip65
)
\rownum=\count281
Package xcolor Info: Model `cmy' substituted by `cmy0' on input line 1348.
Package xcolor Info: Model `hsb' substituted by `rgb' on input line 1352.
Package xcolor Info: Model `RGB' extended on input line 1364.
Package xcolor Info: Model `HTML' substituted by `rgb' on input line 1366.
Package xcolor Info: Model `Hsb' substituted by `hsb' on input line 1367.
Package xcolor Info: Model `tHsb' substituted by `hsb' on input line 1368.
Package xcolor Info: Model `HSB' substituted by `hsb' on input line 1369.
Package xcolor Info: Model `Gray' substituted by `gray' on input line 1370.
Package xcolor Info: Model `wave' substituted by `hsb' on input line 1371.
)
(C:\Users\micha\AppData\Local\Programs\MiKTeX\tex/latex/url\url.sty
\Urlmuskip=\muskip17
Package: url 2013/09/16  ver 3.4  Verb mode for urls, etc.
)
(C:\Users\micha\AppData\Local\Programs\MiKTeX\tex/latex/notes\notes.sty
Package: notes 2002/10/29 v1.0.1 (Duncan Webb)
\noteskipamount=\skip66
\textwidth=\dimen165
\marparsep=\dimen166
\rulewd=\dimen167
\ruleht=\dimen168
\iconwd=\dimen169
\iconht=\dimen170
\textwd=\dimen171
\vframegap=\dimen172
\hframegap=\dimen173
\c@notecnt=\count282
\containerwd=\dimen174
\textframeht=\dimen175
\iconframeht=\dimen176
\containerht=\dimen177
\notesmargin=\dimen178
\dbgrulewd=\dimen179
\dbgruleht=\dimen180
\iconframe=\box55
\textframe=\box56
\iconcontainer=\box57
\textcontainer=\box58
\container=\box59
\notesbox=\box60
\pageleft=\dimen181
\notesboxht=\dimen182
\notebox=\box61
)
(C:\Users\micha\AppData\Local\Programs\MiKTeX\tex/latex/svg\svg.sty
Package: svg 2020/11/26 v2.02k (include SVG pictures)

(C:\Users\micha\AppData\Local\Programs\MiKTeX\tex/generic/iftex\iftex.sty
Package: iftex 2020/03/06 v1.0d TeX engine tests
)
(C:\Users\micha\AppData\Local\Programs\MiKTeX\tex/latex/koma-script\scrbase.sty
Package: scrbase 2022/05/01 v3.36 KOMA-Script package (KOMA-Script-independent 
basics and keyval usage)

(C:\Users\micha\AppData\Local\Programs\MiKTeX\tex/latex/koma-script\scrlfile.st
y
Package: scrlfile 2022/05/01 v3.36 KOMA-Script package (file load hooks)

(C:\Users\micha\AppData\Local\Programs\MiKTeX\tex/latex/koma-script\scrlfile-ho
ok-3.34.sty
Package: scrlfile-hook-3.34 2022/05/01 v3.36 KOMA-Script package (using LaTeX h
ooks)

(C:\Users\micha\AppData\Local\Programs\MiKTeX\tex/latex/koma-script\scrlogo.sty
Package: scrlogo 2022/05/01 v3.36 KOMA-Script package (logo)
)))
Applying: [2021/05/01] Usage of raw or classic option list on input line 252.
Already applied: [0000/00/00] Usage of raw or classic option list on input line
 368.
)
(C:\Users\micha\AppData\Local\Programs\MiKTeX\tex/generic/pdftexcmds\pdftexcmds
.sty
Package: pdftexcmds 2020-06-27 v0.33 Utility functions of pdfTeX for LuaTeX (HO
)

(C:\Users\micha\AppData\Local\Programs\MiKTeX\tex/generic/infwarerr\infwarerr.s
ty
Package: infwarerr 2019/12/03 v1.5 Providing info/warning/error messages (HO)
)
(C:\Users\micha\AppData\Local\Programs\MiKTeX\tex/generic/ltxcmds\ltxcmds.sty
Package: ltxcmds 2020-05-10 v1.25 LaTeX kernel commands for general use (HO)
)
Package pdftexcmds Info: \pdf@primitive is available.
Package pdftexcmds Info: \pdf@ifprimitive is available.
Package pdftexcmds Info: \pdfdraftmode found.
)
(C:\Users\micha\AppData\Local\Programs\MiKTeX\tex/latex/trimspaces\trimspaces.s
ty
Package: trimspaces 2009/09/17 v1.1 Trim spaces around a token list
) (C:\Users\micha\AppData\Local\Programs\MiKTeX\tex/latex/tools\shellesc.sty
Package: shellesc 2019/11/08 v1.0c unified shell escape interface for LaTeX
Package shellesc Info: Restricted shell escape enabled on input line 77.
)
\c@svg@param@lastpage=\count283
\svg@box=\box62
\c@svg@param@currpage=\count284
)
(C:\Users\micha\AppData\Local\Programs\MiKTeX\tex/latex/transparent\transparent
.sty
Package: transparent 2019/11/29 v1.4 Transparency via pdfTeX's color stack (HO)


(C:\Users\micha\AppData\Local\Programs\MiKTeX\tex/latex/auxhook\auxhook.sty
Package: auxhook 2019-12-17 v1.6 Hooks for auxiliary files (HO)
))
(C:\Users\micha\AppData\Local\Programs\MiKTeX\tex/latex/pgf/systemlayer\pgfsys.
sty
(C:\Users\micha\AppData\Local\Programs\MiKTeX\tex/latex/pgf/utilities\pgfrcs.st
y
(C:\Users\micha\AppData\Local\Programs\MiKTeX\tex/generic/pgf/utilities\pgfutil
-common.tex
\pgfutil@everybye=\toks27
\pgfutil@tempdima=\dimen183
\pgfutil@tempdimb=\dimen184

(C:\Users\micha\AppData\Local\Programs\MiKTeX\tex/generic/pgf/utilities\pgfutil
-common-lists.tex))
(C:\Users\micha\AppData\Local\Programs\MiKTeX\tex/generic/pgf/utilities\pgfutil
-latex.def
\pgfutil@abb=\box63
)
(C:\Users\micha\AppData\Local\Programs\MiKTeX\tex/generic/pgf/utilities\pgfrcs.
code.tex
(C:\Users\micha\AppData\Local\Programs\MiKTeX\tex/generic/pgf\pgf.revision.tex)
Package: pgfrcs 2021/05/15 v3.1.9a (3.1.9a)
))
(C:\Users\micha\AppData\Local\Programs\MiKTeX\tex/generic/pgf/systemlayer\pgfsy
s.code.tex
Package: pgfsys 2021/05/15 v3.1.9a (3.1.9a)

(C:\Users\micha\AppData\Local\Programs\MiKTeX\tex/generic/pgf/utilities\pgfkeys
.code.tex
\pgfkeys@pathtoks=\toks28
\pgfkeys@temptoks=\toks29

(C:\Users\micha\AppData\Local\Programs\MiKTeX\tex/generic/pgf/utilities\pgfkeys
filtered.code.tex
\pgfkeys@tmptoks=\toks30
))
\pgf@x=\dimen185
\pgf@y=\dimen186
\pgf@xa=\dimen187
\pgf@ya=\dimen188
\pgf@xb=\dimen189
\pgf@yb=\dimen190
\pgf@xc=\dimen191
\pgf@yc=\dimen192
\pgf@xd=\dimen193
\pgf@yd=\dimen194
\w@pgf@writea=\write3
\r@pgf@reada=\read3
\c@pgf@counta=\count285
\c@pgf@countb=\count286
\c@pgf@countc=\count287
\c@pgf@countd=\count288
\t@pgf@toka=\toks31
\t@pgf@tokb=\toks32
\t@pgf@tokc=\toks33
\pgf@sys@id@count=\count289

(C:\Users\micha\AppData\Local\Programs\MiKTeX\tex/generic/pgf/systemlayer\pgf.c
fg
File: pgf.cfg 2021/05/15 v3.1.9a (3.1.9a)
)
Driver file for pgf: pgfsys-pdftex.def

(C:\Users\micha\AppData\Local\Programs\MiKTeX\tex/generic/pgf/systemlayer\pgfsy
s-pdftex.def
File: pgfsys-pdftex.def 2021/05/15 v3.1.9a (3.1.9a)

(C:\Users\micha\AppData\Local\Programs\MiKTeX\tex/generic/pgf/systemlayer\pgfsy
s-common-pdf.def
File: pgfsys-common-pdf.def 2021/05/15 v3.1.9a (3.1.9a)
)))
(C:\Users\micha\AppData\Local\Programs\MiKTeX\tex/generic/pgf/systemlayer\pgfsy
ssoftpath.code.tex
File: pgfsyssoftpath.code.tex 2021/05/15 v3.1.9a (3.1.9a)
\pgfsyssoftpath@smallbuffer@items=\count290
\pgfsyssoftpath@bigbuffer@items=\count291
)
(C:\Users\micha\AppData\Local\Programs\MiKTeX\tex/generic/pgf/systemlayer\pgfsy
sprotocol.code.tex
File: pgfsysprotocol.code.tex 2021/05/15 v3.1.9a (3.1.9a)
))
(C:\Users\micha\AppData\Local\Programs\MiKTeX\tex/latex/was\gensymb.sty
Package: gensymb 2003/07/02 v1.0 (WaS)
)
(C:\Users\micha\AppData\Local\Programs\MiKTeX\tex/latex/geometry\geometry.sty
Package: geometry 2020/01/02 v5.9 Page Geometry

(C:\Users\micha\AppData\Local\Programs\MiKTeX\tex/generic/iftex\ifvtex.sty
Package: ifvtex 2019/10/25 v1.7 ifvtex legacy package. Use iftex instead.
)
\Gm@cnth=\count292
\Gm@cntv=\count293
\c@Gm@tempcnt=\count294
\Gm@bindingoffset=\dimen195
\Gm@wd@mp=\dimen196
\Gm@odd@mp=\dimen197
\Gm@even@mp=\dimen198
\Gm@layoutwidth=\dimen199
\Gm@layoutheight=\dimen256
\Gm@layouthoffset=\dimen257
\Gm@layoutvoffset=\dimen258
\Gm@dimlist=\toks34

(C:\Users\micha\AppData\Local\Programs\MiKTeX\tex/latex/geometry\geometry.cfg))
(C:\Users\micha\AppData\Local\Programs\MiKTeX\tex/latex/titlesec\titlesec.sty
Package: titlesec 2021/07/05 v2.14 Sectioning titles
\ttl@box=\box64
\beforetitleunit=\skip67
\aftertitleunit=\skip68
\ttl@plus=\dimen259
\ttl@minus=\dimen260
\ttl@toksa=\toks35
\titlewidth=\dimen261
\titlewidthlast=\dimen262
\titlewidthfirst=\dimen263
)
(C:\Users\micha\AppData\Local\Programs\MiKTeX\tex/latex/amscls\amsthm.sty
Package: amsthm 2020/05/29 v2.20.6
\thm@style=\toks36
\thm@bodyfont=\toks37
\thm@headfont=\toks38
\thm@notefont=\toks39
\thm@headpunct=\toks40
\thm@preskip=\skip69
\thm@postskip=\skip70
\thm@headsep=\skip71
\dth@everypar=\toks41
)
\c@exmp=\count295

(C:\Users\micha\AppData\Local\Programs\MiKTeX\tex/latex/listings\listings.sty
\lst@mode=\count296
\lst@gtempboxa=\box65
\lst@token=\toks42
\lst@length=\count297
\lst@currlwidth=\dimen264
\lst@column=\count298
\lst@pos=\count299
\lst@lostspace=\dimen265
\lst@width=\dimen266
\lst@newlines=\count300
\lst@lineno=\count301
\lst@maxwidth=\dimen267

(C:\Users\micha\AppData\Local\Programs\MiKTeX\tex/latex/listings\lstmisc.sty
File: lstmisc.sty 2020/03/24 1.8d (Carsten Heinz)
\c@lstnumber=\count302
\lst@skipnumbers=\count303
\lst@framebox=\box66
)
(C:\Users\micha\AppData\Local\Programs\MiKTeX\tex/latex/listings\listings.cfg
File: listings.cfg 2020/03/24 1.8d listings configuration
))
Package: listings 2020/03/24 1.8d (Carsten Heinz)

(C:\Users\micha\AppData\Local\Programs\MiKTeX\tex/latex/l3backend\l3backend-pdf
tex.def
File: l3backend-pdftex.def 2021-08-04 L3 backend support: PDF output (pdfTeX)
\l__color_backend_stack_int=\count304
\l__pdf_internal_box=\box67
) (Zavereƒçn√° pr√°ca.aux (Uvod.aux) (Kapitola1.aux) (Kapitola2.aux)
(Kapitola3.aux) (Zaver.aux))
\openout1 = `"Zavereƒçn√° pr√°ca.aux"'.

LaTeX Font Info:    Checking defaults for OML/cmm/m/it on input line 71.
LaTeX Font Info:    ... okay on input line 71.
LaTeX Font Info:    Checking defaults for OMS/cmsy/m/n on input line 71.
LaTeX Font Info:    ... okay on input line 71.
LaTeX Font Info:    Checking defaults for OT1/cmr/m/n on input line 71.
LaTeX Font Info:    ... okay on input line 71.
LaTeX Font Info:    Checking defaults for T1/cmr/m/n on input line 71.
LaTeX Font Info:    ... okay on input line 71.
LaTeX Font Info:    Checking defaults for TS1/cmr/m/n on input line 71.
LaTeX Font Info:    ... okay on input line 71.
LaTeX Font Info:    Checking defaults for OMX/cmex/m/n on input line 71.
LaTeX Font Info:    ... okay on input line 71.
LaTeX Font Info:    Checking defaults for U/cmr/m/n on input line 71.
LaTeX Font Info:    ... okay on input line 71.

(C:\Users\micha\AppData\Local\Programs\MiKTeX\tex/context/base/mkii\supp-pdf.mk
ii
[Loading MPS to PDF converter (version 2006.09.02).]
\scratchcounter=\count305
\scratchdimen=\dimen268
\scratchbox=\box68
\nofMPsegments=\count306
\nofMParguments=\count307
\everyMPshowfont=\toks43
\MPscratchCnt=\count308
\MPscratchDim=\dimen269
\MPnumerator=\count309
\makeMPintoPDFobject=\count310
\everyMPtoPDFconversion=\toks44
)
(C:\Users\micha\AppData\Local\Programs\MiKTeX\tex/latex/epstopdf-pkg\epstopdf-b
ase.sty
Package: epstopdf-base 2020-01-24 v2.11 Base part for package epstopdf
Package epstopdf-base Info: Redefining graphics rule for `.eps' on input line 4
85.

(C:\Users\micha\AppData\Local\Programs\MiKTeX\tex/latex/00miktex\epstopdf-sys.c
fg
File: epstopdf-sys.cfg 2021/03/18 v2.0 Configuration of epstopdf for MiKTeX
))
LaTeX Info: Redefining \celsius on input line 71.
Package gensymb Info: Faking symbols for \degree and \celsius on input line 71.



Package gensymb Warning: Not defining \perthousand.

LaTeX Info: Redefining \ohm on input line 71.
Package gensymb Info: Using \Omega for \ohm on input line 71.

Package gensymb Warning: Not defining \micro.

*geometry* driver: auto-detecting
*geometry* detected driver: pdftex
*geometry* verbose mode - [ preamble ] result:
* driver: pdftex
* paper: custom
* layout: <same size as paper>
* layoutoffset:(h,v)=(0.0pt,0.0pt)
* modes: includehead 
* h-part:(L,W,R)=(71.13188pt, 455.24411pt, 71.13188pt)
* v-part:(T,H,B)=(71.13188pt, 702.78308pt, 71.13188pt)
* \paperwidth=597.50787pt
* \paperheight=845.04684pt
* \textwidth=455.24411pt
* \textheight=670.90929pt
* \oddsidemargin=-1.1381pt
* \evensidemargin=-1.1381pt
* \topmargin=-1.1381pt
* \headheight=12.0pt
* \headsep=19.8738pt
* \topskip=12.0pt
* \footskip=30.0pt
* \marginparwidth=38.0pt
* \marginparsep=7.0pt
* \columnsep=10.0pt
* \skip\footins=10.8pt plus 4.0pt minus 2.0pt
* \hoffset=0.0pt
* \voffset=0.0pt
* \mag=1000
* \@twocolumnfalse
* \@twosidefalse
* \@mparswitchfalse
* \@reversemarginfalse
* (1in=72.27pt=25.4mm, 1cm=28.453pt)

\c@lstlisting=\count311
(Obalka.tex [1

{C:/Users/micha/AppData/Local/MiKTeX/pdftex/config/pdftex.map}])
(Titul.tex [2

]) (Zadanie.tex [3

]) (Prehlasenie.tex
Underfull \hbox (badness 10000) in paragraph at lines 6--7

 []

[4

]) (Podakovanie.tex
Underfull \hbox (badness 10000) in paragraph at lines 6--7

 []

[5

]) (Abstrakt.tex
Underfull \hbox (badness 10000) in paragraph at lines 1--5

 []

[6

]) (Predhovor.tex [7


]) (Zavereƒçn√° pr√°ca.toc)
\tf@toc=\write4
\openout4 = `"Zavereƒçn√° pr√°ca.toc"'.

 [8


]
\openout2 = `Uvod.aux'.

 (Uvod.tex) [1



]
\openout2 = `Kapitola1.aux'.


(Kapitola1.tex
Kapitola 1.
[2




]
Package epstopdf Info: Source file: <obr/experimentBOB.eps>
(epstopdf)                    date: 2022-05-22 03:29:35
(epstopdf)                    size: 99985 bytes
(epstopdf)             Output file: <obr/experimentBOB-eps-converted-to.pdf>
(epstopdf)                    date: 2022-05-22 03:29:40
(epstopdf)                    size: 45638 bytes
(epstopdf)             Command: <miktex-epstopdf --outfile=obr/experimentBOB-ep
s-converted-to.pdf obr/experimentBOB.eps>
(epstopdf)             \includegraphics on input line 19.
Package epstopdf Info: Output file is already uptodate.


pdfTeX warning: pdflatex.exe (file ./obr/experimentBOB-eps-converted-to.pdf): P
DF inclusion: found PDF version <1.7>, but at most version <1.5> allowed
<obr/experimentBOB-eps-converted-to.pdf, id=43, 128.48pt x 99.37125pt>
File: obr/experimentBOB-eps-converted-to.pdf Graphic file (type pdf)
<use obr/experimentBOB-eps-converted-to.pdf>
Package pdftex.def Info: obr/experimentBOB-eps-converted-to.pdf  used on input 
line 19.
(pdftex.def)             Requested size: 227.62204pt x 176.06601pt.
) [3 <./obr/experimentBOB-eps-converted-to.pdf>]
\openout2 = `Kapitola2.aux'.

 (Kapitola2.tex
Kapitola 2.

LaTeX Warning: No positions in optional float specifier.
               Default added (so using `tbp') on input line 9.

Package epstopdf Info: Source file: <obr/BoBshield.eps>
(epstopdf)                    date: 2022-05-23 00:27:39
(epstopdf)                    size: 200084 bytes
(epstopdf)             Output file: <obr/BoBshield-eps-converted-to.pdf>
(epstopdf)                    date: 2022-05-23 00:27:46
(epstopdf)                    size: 151083 bytes
(epstopdf)             Command: <miktex-epstopdf --outfile=obr/BoBshield-eps-co
nverted-to.pdf obr/BoBshield.eps>
(epstopdf)             \includegraphics on input line 11.
Package epstopdf Info: Output file is already uptodate.


pdfTeX warning: pdflatex.exe (file ./obr/BoBshield-eps-converted-to.pdf): PDF i
nclusion: found PDF version <1.7>, but at most version <1.5> allowed
<obr/BoBshield-eps-converted-to.pdf, id=55, 3762.055pt x 1646.15pt>
File: obr/BoBshield-eps-converted-to.pdf Graphic file (type pdf)
<use obr/BoBshield-eps-converted-to.pdf>
Package pdftex.def Info: obr/BoBshield-eps-converted-to.pdf  used on input line
 11.
(pdftex.def)             Requested size: 426.79134pt x 186.72865pt.
[4




]

LaTeX Warning: No positions in optional float specifier.
               Default added (so using `tbp') on input line 16.

Package epstopdf Info: Source file: <obr/senzors.eps>
(epstopdf)                    date: 2022-05-23 00:27:19
(epstopdf)                    size: 181758 bytes
(epstopdf)             Output file: <obr/senzors-eps-converted-to.pdf>
(epstopdf)                    date: 2022-05-23 00:27:47
(epstopdf)                    size: 132823 bytes
(epstopdf)             Command: <miktex-epstopdf --outfile=obr/senzors-eps-conv
erted-to.pdf obr/senzors.eps>
(epstopdf)             \includegraphics on input line 18.
Package epstopdf Info: Output file is already uptodate.


pdfTeX warning: pdflatex.exe (file ./obr/senzors-eps-converted-to.pdf): PDF inc
lusion: found PDF version <1.7>, but at most version <1.5> allowed
<obr/senzors-eps-converted-to.pdf, id=59, 2621.795pt x 1874.00125pt>
File: obr/senzors-eps-converted-to.pdf Graphic file (type pdf)
<use obr/senzors-eps-converted-to.pdf>
Package pdftex.def Info: obr/senzors-eps-converted-to.pdf  used on input line 1
8.
(pdftex.def)             Requested size: 284.52756pt x 203.36707pt.
[5 <./obr/BoBshield-eps-converted-to.pdf> <./obr/senzors-eps-converted-to.pdf>]
Package epstopdf Info: Source file: <obr/PCBBOBup.eps>
(epstopdf)                    date: 2022-05-23 00:11:20
(epstopdf)                    size: 192365 bytes
(epstopdf)             Output file: <obr/PCBBOBup-eps-converted-to.pdf>
(epstopdf)                    date: 2022-05-23 00:11:26
(epstopdf)                    size: 136069 bytes
(epstopdf)             Command: <miktex-epstopdf --outfile=obr/PCBBOBup-eps-con
verted-to.pdf obr/PCBBOBup.eps>
(epstopdf)             \includegraphics on input line 33.
Package epstopdf Info: Output file is already uptodate.


pdfTeX warning: pdflatex.exe (file ./obr/PCBBOBup-eps-converted-to.pdf): PDF in
clusion: found PDF version <1.7>, but at most version <1.5> allowed
<obr/PCBBOBup-eps-converted-to.pdf, id=78, 2048.65375pt x 1732.4725pt>
File: obr/PCBBOBup-eps-converted-to.pdf Graphic file (type pdf)
<use obr/PCBBOBup-eps-converted-to.pdf>
Package pdftex.def Info: obr/PCBBOBup-eps-converted-to.pdf  used on input line 
33.
(pdftex.def)             Requested size: 355.65944pt x 300.75517pt.
Package epstopdf Info: Source file: <obr/PCBBOBbottom.eps>
(epstopdf)                    date: 2022-05-23 00:04:25
(epstopdf)                    size: 136271 bytes
(epstopdf)             Output file: <obr/PCBBOBbottom-eps-converted-to.pdf>
(epstopdf)                    date: 2022-05-23 00:12:24
(epstopdf)                    size: 96740 bytes
(epstopdf)             Command: <miktex-epstopdf --outfile=obr/PCBBOBbottom-eps
-converted-to.pdf obr/PCBBOBbottom.eps>
(epstopdf)             \includegraphics on input line 39.
Package epstopdf Info: Output file is already uptodate.


pdfTeX warning: pdflatex.exe (file ./obr/PCBBOBbottom-eps-converted-to.pdf): PD
F inclusion: found PDF version <1.7>, but at most version <1.5> allowed
<obr/PCBBOBbottom-eps-converted-to.pdf, id=79, 2048.65375pt x 1726.45pt>
File: obr/PCBBOBbottom-eps-converted-to.pdf Graphic file (type pdf)
<use obr/PCBBOBbottom-eps-converted-to.pdf>
Package pdftex.def Info: obr/PCBBOBbottom-eps-converted-to.pdf  used on input l
ine 39.
(pdftex.def)             Requested size: 355.65944pt x 299.70967pt.
Package epstopdf Info: Source file: <obr/PCBsnimace.eps>
(epstopdf)                    date: 2022-05-23 00:08:55
(epstopdf)                    size: 218117 bytes
(epstopdf)             Output file: <obr/PCBsnimace-eps-converted-to.pdf>
(epstopdf)                    date: 2022-05-23 00:16:49
(epstopdf)                    size: 155766 bytes
(epstopdf)             Command: <miktex-epstopdf --outfile=obr/PCBsnimace-eps-c
onverted-to.pdf obr/PCBsnimace.eps>
(epstopdf)             \includegraphics on input line 45.
Package epstopdf Info: Output file is already uptodate.


pdfTeX warning: pdflatex.exe (file ./obr/PCBsnimace-eps-converted-to.pdf): PDF 
inclusion: found PDF version <1.7>, but at most version <1.5> allowed
<obr/PCBsnimace-eps-converted-to.pdf, id=80, 3651.6425pt x 1577.895pt>
File: obr/PCBsnimace-eps-converted-to.pdf Graphic file (type pdf)
<use obr/PCBsnimace-eps-converted-to.pdf>
Package pdftex.def Info: obr/PCBsnimace-eps-converted-to.pdf  used on input lin
e 45.
(pdftex.def)             Requested size: 355.65944pt x 153.68163pt.

LaTeX Warning: `!h' float specifier changed to `!ht'.

[6] [7 <./obr/PCBBOBup-eps-converted-to.pdf> <./obr/PCBBOBbottom-eps-converted-
to.pdf>] [8 <./obr/PCBsnimace-eps-converted-to.pdf>]

LaTeX Warning: No positions in optional float specifier.
               Default added (so using `tbp') on input line 83.

Package epstopdf Info: Source file: <obr/PWMsignal.eps>
(epstopdf)                    date: 2022-05-22 15:57:05
(epstopdf)                    size: 51481 bytes
(epstopdf)             Output file: <obr/PWMsignal-eps-converted-to.pdf>
(epstopdf)                    date: 2022-05-22 16:06:28
(epstopdf)                    size: 35558 bytes
(epstopdf)             Command: <miktex-epstopdf --outfile=obr/PWMsignal-eps-co
nverted-to.pdf obr/PWMsignal.eps>
(epstopdf)             \includegraphics on input line 85.
Package epstopdf Info: Output file is already uptodate.


pdfTeX warning: pdflatex.exe (file ./obr/PWMsignal-eps-converted-to.pdf): PDF i
nclusion: found PDF version <1.7>, but at most version <1.5> allowed
<obr/PWMsignal-eps-converted-to.pdf, id=113, 623.32875pt x 255.95625pt>
File: obr/PWMsignal-eps-converted-to.pdf Graphic file (type pdf)
<use obr/PWMsignal-eps-converted-to.pdf>
Package pdftex.def Info: obr/PWMsignal-eps-converted-to.pdf  used on input line
 85.
(pdftex.def)             Requested size: 455.24408pt x 186.94023pt.
[9 <./obr/PWMsignal-eps-converted-to.pdf>]
Package epstopdf Info: Source file: <obr/ToF.eps>
(epstopdf)                    date: 2022-05-20 02:07:57
(epstopdf)                    size: 32099 bytes
(epstopdf)             Output file: <obr/ToF-eps-converted-to.pdf>
(epstopdf)                    date: 2022-05-20 17:28:20
(epstopdf)                    size: 11084 bytes
(epstopdf)             Command: <miktex-epstopdf --outfile=obr/ToF-eps-converte
d-to.pdf obr/ToF.eps>
(epstopdf)             \includegraphics on input line 117.
Package epstopdf Info: Output file is already uptodate.


pdfTeX warning: pdflatex.exe (file ./obr/ToF-eps-converted-to.pdf): PDF inclusi
on: found PDF version <1.7>, but at most version <1.5> allowed
<obr/ToF-eps-converted-to.pdf, id=128, 283.0575pt x 413.545pt>
File: obr/ToF-eps-converted-to.pdf Graphic file (type pdf)
<use obr/ToF-eps-converted-to.pdf>
Package pdftex.def Info: obr/ToF-eps-converted-to.pdf  used on input line 117.
(pdftex.def)             Requested size: 170.71652pt x 249.42249pt.
[10 <./obr/ToF-eps-converted-to.pdf>]

LaTeX Warning: Citation `VL6180X' on page 11 undefined on input line 125.


LaTeX Warning: No positions in optional float specifier.
               Default added (so using `tbp') on input line 130.

Package epstopdf Info: Source file: <obr/VL6180X.eps>
(epstopdf)                    date: 2022-05-23 01:09:57
(epstopdf)                    size: 122734 bytes
(epstopdf)             Output file: <obr/VL6180X-eps-converted-to.pdf>
(epstopdf)                    date: 2022-05-23 01:10:21
(epstopdf)                    size: 23075 bytes
(epstopdf)             Command: <miktex-epstopdf --outfile=obr/VL6180X-eps-conv
erted-to.pdf obr/VL6180X.eps>
(epstopdf)             \includegraphics on input line 132.
Package epstopdf Info: Output file is already uptodate.


pdfTeX warning: pdflatex.exe (file ./obr/VL6180X-eps-converted-to.pdf): PDF inc
lusion: found PDF version <1.7>, but at most version <1.5> allowed
<obr/VL6180X-eps-converted-to.pdf, id=143, 362.35374pt x 195.73125pt>
File: obr/VL6180X-eps-converted-to.pdf Graphic file (type pdf)
<use obr/VL6180X-eps-converted-to.pdf>
Package pdftex.def Info: obr/VL6180X-eps-converted-to.pdf  used on input line 1
32.
(pdftex.def)             Requested size: 170.71652pt x 92.21469pt.

LaTeX Warning: Citation `VL6180X' on page 11 undefined on input line 133.


LaTeX Warning: No positions in optional float specifier.
               Default added (so using `tbp') on input line 136.

Package epstopdf Info: Source file: <obr/VL6180Xscheme.eps>
(epstopdf)                    date: 2022-05-23 12:39:55
(epstopdf)                    size: 50646 bytes
(epstopdf)             Output file: <obr/VL6180Xscheme-eps-converted-to.pdf>
(epstopdf)                    date: 2022-05-23 12:40:59
(epstopdf)                    size: 48696 bytes
(epstopdf)             Command: <miktex-epstopdf --outfile=obr/VL6180Xscheme-ep
s-converted-to.pdf obr/VL6180Xscheme.eps>
(epstopdf)             \includegraphics on input line 138.
Package epstopdf Info: Output file is already uptodate.


pdfTeX warning: pdflatex.exe (file ./obr/VL6180Xscheme-eps-converted-to.pdf): P
DF inclusion: found PDF version <1.7>, but at most version <1.5> allowed
<obr/VL6180Xscheme-eps-converted-to.pdf, id=144, 791.95876pt x 439.6425pt>
File: obr/VL6180Xscheme-eps-converted-to.pdf Graphic file (type pdf)
<use obr/VL6180Xscheme-eps-converted-to.pdf>
Package pdftex.def Info: obr/VL6180Xscheme-eps-converted-to.pdf  used on input 
line 138.
(pdftex.def)             Requested size: 369.88582pt x 205.33728pt.

LaTeX Warning: Citation `VL6180X' on page 11 undefined on input line 139.


LaTeX Warning: Citation `MPU6050' on page 11 undefined on input line 145.

[11 <./obr/VL6180X-eps-converted-to.pdf>]

LaTeX Warning: No positions in optional float specifier.
               Default added (so using `tbp') on input line 149.

Package epstopdf Info: Source file: <obr/MPU6050.eps>
(epstopdf)                    date: 2022-05-23 01:24:24
(epstopdf)                    size: 78502 bytes
(epstopdf)             Output file: <obr/MPU6050-eps-converted-to.pdf>
(epstopdf)                    date: 2022-05-23 01:25:18
(epstopdf)                    size: 17526 bytes
(epstopdf)             Command: <miktex-epstopdf --outfile=obr/MPU6050-eps-conv
erted-to.pdf obr/MPU6050.eps>
(epstopdf)             \includegraphics on input line 151.
Package epstopdf Info: Output file is already uptodate.


pdfTeX warning: pdflatex.exe (file ./obr/MPU6050-eps-converted-to.pdf): PDF inc
lusion: found PDF version <1.7>, but at most version <1.5> allowed
<obr/MPU6050-eps-converted-to.pdf, id=152, 195.73125pt x 138.5175pt>
File: obr/MPU6050-eps-converted-to.pdf Graphic file (type pdf)
<use obr/MPU6050-eps-converted-to.pdf>
Package pdftex.def Info: obr/MPU6050-eps-converted-to.pdf  used on input line 1
51.
(pdftex.def)             Requested size: 170.71652pt x 120.82205pt.

LaTeX Warning: Citation `VL6180X' on page 12 undefined on input line 159.


LaTeX Warning: Citation `MPU6050' on page 12 undefined on input line 159.

[12 <./obr/VL6180Xscheme-eps-converted-to.pdf> <./obr/MPU6050-eps-converted-to.
pdf>]

LaTeX Warning: No positions in optional float specifier.
               Default added (so using `tbp') on input line 161.

Package epstopdf Info: Source file: <obr/LDOscheme.eps>
(epstopdf)                    date: 2022-05-23 12:46:07
(epstopdf)                    size: 17412 bytes
(epstopdf)             Output file: <obr/LDOscheme-eps-converted-to.pdf>
(epstopdf)                    date: 2022-05-23 12:52:25
(epstopdf)                    size: 18029 bytes
(epstopdf)             Command: <miktex-epstopdf --outfile=obr/LDOscheme-eps-co
nverted-to.pdf obr/LDOscheme.eps>
(epstopdf)             \includegraphics on input line 163.
Package epstopdf Info: Output file is already uptodate.


pdfTeX warning: pdflatex.exe (file ./obr/LDOscheme-eps-converted-to.pdf): PDF i
nclusion: found PDF version <1.7>, but at most version <1.5> allowed
<obr/LDOscheme-eps-converted-to.pdf, id=162, 760.8425pt x 395.4775pt>
File: obr/LDOscheme-eps-converted-to.pdf Graphic file (type pdf)
<use obr/LDOscheme-eps-converted-to.pdf>
Package pdftex.def Info: obr/LDOscheme-eps-converted-to.pdf  used on input line
 163.
(pdftex.def)             Requested size: 284.52756pt x 147.89938pt.

LaTeX Warning: Citation `LDO' on page 13 undefined on input line 164.


LaTeX Warning: Citation `VL6180X' on page 13 undefined on input line 172.


LaTeX Warning: No positions in optional float specifier.
               Default added (so using `tbp') on input line 175.

Package epstopdf Info: Source file: <obr/TOFreflectance.eps>
(epstopdf)                    date: 2022-05-23 23:56:33
(epstopdf)                    size: 133581 bytes
(epstopdf)             Output file: <obr/TOFreflectance-eps-converted-to.pdf>
(epstopdf)                    date: 2022-05-24 00:30:01
(epstopdf)                    size: 134065 bytes
(epstopdf)             Command: <miktex-epstopdf --outfile=obr/TOFreflectance-e
ps-converted-to.pdf obr/TOFreflectance.eps>
(epstopdf)             \includegraphics on input line 177.
Package epstopdf Info: Output file is already uptodate.


pdfTeX warning: pdflatex.exe (file ./obr/TOFreflectance-eps-converted-to.pdf): 
PDF inclusion: found PDF version <1.7>, but at most version <1.5> allowed
<obr/TOFreflectance-eps-converted-to.pdf, id=163, 709.65125pt x 474.77374pt>
File: obr/TOFreflectance-eps-converted-to.pdf Graphic file (type pdf)
<use obr/TOFreflectance-eps-converted-to.pdf>
Package pdftex.def Info: obr/TOFreflectance-eps-converted-to.pdf  used on input
 line 177.
(pdftex.def)             Requested size: 284.52756pt x 190.35529pt.

LaTeX Warning: Citation `VL6180X' on page 13 undefined on input line 178.

[13 <./obr/LDOscheme-eps-converted-to.pdf> <./obr/TOFreflectance-eps-converted-
to.pdf>] [14] [15]
Package epstopdf Info: Source file: <obr/prevod.eps>
(epstopdf)                    date: 2022-05-21 21:40:30
(epstopdf)                    size: 55557 bytes
(epstopdf)             Output file: <obr/prevod-eps-converted-to.pdf>
(epstopdf)                    date: 2022-05-21 21:40:53
(epstopdf)                    size: 18773 bytes
(epstopdf)             Command: <miktex-epstopdf --outfile=obr/prevod-eps-conve
rted-to.pdf obr/prevod.eps>
(epstopdf)             \includegraphics on input line 245.
Package epstopdf Info: Output file is already uptodate.


pdfTeX warning: pdflatex.exe (file ./obr/prevod-eps-converted-to.pdf): PDF incl
usion: found PDF version <1.7>, but at most version <1.5> allowed
<obr/prevod-eps-converted-to.pdf, id=183, 306.14375pt x 538.01pt>
File: obr/prevod-eps-converted-to.pdf Graphic file (type pdf)
<use obr/prevod-eps-converted-to.pdf>
Package pdftex.def Info: obr/prevod-eps-converted-to.pdf  used on input line 24
5.
(pdftex.def)             Requested size: 142.26378pt x 250.00787pt.

Overfull \hbox (11.50565pt too wide) in paragraph at lines 254--257
\T1/cmr/m/n/12 Na z·-klade pre-vo-do-vÈho po-meru vieme po-ve-da¥, ∫e na 1\TS1/
cmr/m/n/12 ∞\T1/cmr/m/n/12 oto£enia serva pri-sl˙-cha 0,2\TS1/cmr/m/n/12 ∞\T1/c
mr/m/n/12 oto£enia
 []

[16 <./obr/prevod-eps-converted-to.pdf>]
<obr/3Dmodel.png, id=196, 1927.2pt x 1084.05pt>
File: obr/3Dmodel.png Graphic file (type png)
<use obr/3Dmodel.png>
Package pdftex.def Info: obr/3Dmodel.png  used on input line 269.
(pdftex.def)             Requested size: 426.79134pt x 240.06316pt.
 [17 <./obr/3Dmodel.png>]

LaTeX Warning: No positions in optional float specifier.
               Default added (so using `tbp') on input line 277.

Package epstopdf Info: Source file: <obr/3Dbase.eps>
(epstopdf)                    date: 2022-05-22 00:27:06
(epstopdf)                    size: 522103 bytes
(epstopdf)             Output file: <obr/3Dbase-eps-converted-to.pdf>
(epstopdf)                    date: 2022-05-22 00:27:21
(epstopdf)                    size: 494912 bytes
(epstopdf)             Command: <miktex-epstopdf --outfile=obr/3Dbase-eps-conve
rted-to.pdf obr/3Dbase.eps>
(epstopdf)             \includegraphics on input line 279.
Package epstopdf Info: Output file is already uptodate.


pdfTeX warning: pdflatex.exe (file ./obr/3Dbase-eps-converted-to.pdf): PDF incl
usion: found PDF version <1.7>, but at most version <1.5> allowed
<obr/3Dbase-eps-converted-to.pdf, id=203, 569.12625pt x 278.03876pt>
File: obr/3Dbase-eps-converted-to.pdf Graphic file (type pdf)
<use obr/3Dbase-eps-converted-to.pdf>
Package pdftex.def Info: obr/3Dbase-eps-converted-to.pdf  used on input line 27
9.
(pdftex.def)             Requested size: 426.79134pt x 208.51158pt.

LaTeX Warning: No positions in optional float specifier.
               Default added (so using `tbp') on input line 283.

<obr/3Dprvok2.png, id=204, 3513.125pt x 1973.3725pt>
File: obr/3Dprvok2.png Graphic file (type png)
<use obr/3Dprvok2.png>
Package pdftex.def Info: obr/3Dprvok2.png  used on input line 285.
(pdftex.def)             Requested size: 199.16928pt x 111.8631pt.

LaTeX Warning: No positions in optional float specifier.
               Default added (so using `tbp') on input line 291.

Package epstopdf Info: Source file: <obr/3Ddrziak.eps>
(epstopdf)                    date: 2022-05-22 01:09:00
(epstopdf)                    size: 1365322 bytes
(epstopdf)             Output file: <obr/3Ddrziak-eps-converted-to.pdf>
(epstopdf)                    date: 2022-05-22 01:09:12
(epstopdf)                    size: 576931 bytes
(epstopdf)             Command: <miktex-epstopdf --outfile=obr/3Ddrziak-eps-con
verted-to.pdf obr/3Ddrziak.eps>
(epstopdf)             \includegraphics on input line 293.
Package epstopdf Info: Output file is already uptodate.


pdfTeX warning: pdflatex.exe (file ./obr/3Ddrziak-eps-converted-to.pdf): PDF in
clusion: found PDF version <1.7>, but at most version <1.5> allowed
<obr/3Ddrziak-eps-converted-to.pdf, id=205, 569.12625pt x 306.14375pt>
File: obr/3Ddrziak-eps-converted-to.pdf Graphic file (type pdf)
<use obr/3Ddrziak-eps-converted-to.pdf>
Package pdftex.def Info: obr/3Ddrziak-eps-converted-to.pdf  used on input line 
293.
(pdftex.def)             Requested size: 199.16928pt x 107.1379pt.
[18 <./obr/3Dbase-eps-converted-to.pdf>]

LaTeX Warning: No positions in optional float specifier.
               Default added (so using `tbp') on input line 299.

Package epstopdf Info: Source file: <obr/3Dkolieska.eps>
(epstopdf)                    date: 2022-05-22 01:27:19
(epstopdf)                    size: 798037 bytes
(epstopdf)             Output file: <obr/3Dkolieska-eps-converted-to.pdf>
(epstopdf)                    date: 2022-05-22 01:27:29
(epstopdf)                    size: 574815 bytes
(epstopdf)             Command: <miktex-epstopdf --outfile=obr/3Dkolieska-eps-c
onverted-to.pdf obr/3Dkolieska.eps>
(epstopdf)             \includegraphics on input line 301.
Package epstopdf Info: Output file is already uptodate.


pdfTeX warning: pdflatex.exe (file ./obr/3Dkolieska-eps-converted-to.pdf): PDF 
inclusion: found PDF version <1.7>, but at most version <1.5> allowed
<obr/3Dkolieska-eps-converted-to.pdf, id=216, 570.13pt x 281.05pt>
File: obr/3Dkolieska-eps-converted-to.pdf Graphic file (type pdf)
<use obr/3Dkolieska-eps-converted-to.pdf>
Package pdftex.def Info: obr/3Dkolieska-eps-converted-to.pdf  used on input lin
e 301.
(pdftex.def)             Requested size: 426.79134pt x 210.38814pt.
) [19 <./obr/3Dprvok2.png> <./obr/3Ddrziak-eps-converted-to.pdf>] [20 <./obr/3D
kolieska-eps-converted-to.pdf>]
\openout2 = `Kapitola3.aux'.

 (Kapitola3.tex
Kapitola 3.
<obr/servo.png, id=238, 171.039pt x 107.80275pt>
File: obr/servo.png Graphic file (type png)
<use obr/servo.png>
Package pdftex.def Info: obr/servo.png  used on input line 20.
(pdftex.def)             Requested size: 142.26378pt x 89.6687pt.
[21




]
Package epstopdf Info: Source file: <obr/Potentiometer.eps>
(epstopdf)                    date: 2022-05-22 22:44:33
(epstopdf)                    size: 13239 bytes
(epstopdf)             Output file: <obr/Potentiometer-eps-converted-to.pdf>
(epstopdf)                    date: 2022-05-22 22:44:54
(epstopdf)                    size: 7150 bytes
(epstopdf)             Command: <miktex-epstopdf --outfile=obr/Potentiometer-ep
s-converted-to.pdf obr/Potentiometer.eps>
(epstopdf)             \includegraphics on input line 28.
Package epstopdf Info: Output file is already uptodate.


pdfTeX warning: pdflatex.exe (file ./obr/Potentiometer-eps-converted-to.pdf): P
DF inclusion: found PDF version <1.7>, but at most version <1.5> allowed
<obr/Potentiometer-eps-converted-to.pdf, id=242, 58.2175pt x 61.22874pt>
File: obr/Potentiometer-eps-converted-to.pdf Graphic file (type pdf)
<use obr/Potentiometer-eps-converted-to.pdf>
Package pdftex.def Info: obr/Potentiometer-eps-converted-to.pdf  used on input 
line 28.
(pdftex.def)             Requested size: 85.35826pt x 89.78278pt.
Package epstopdf Info: Source file: <obr/SensorRead.eps>
(epstopdf)                    date: 2022-05-22 22:46:48
(epstopdf)                    size: 7632 bytes
(epstopdf)             Output file: <obr/SensorRead-eps-converted-to.pdf>
(epstopdf)                    date: 2022-05-22 22:47:16
(epstopdf)                    size: 3899 bytes
(epstopdf)             Command: <miktex-epstopdf --outfile=obr/SensorRead-eps-c
onverted-to.pdf obr/SensorRead.eps>
(epstopdf)             \includegraphics on input line 36.
Package epstopdf Info: Output file is already uptodate.


pdfTeX warning: pdflatex.exe (file ./obr/SensorRead-eps-converted-to.pdf): PDF 
inclusion: found PDF version <1.7>, but at most version <1.5> allowed
<obr/SensorRead-eps-converted-to.pdf, id=243, 67.25125pt x 63.23625pt>
File: obr/SensorRead-eps-converted-to.pdf Graphic file (type pdf)
<use obr/SensorRead-eps-converted-to.pdf>
Package pdftex.def Info: obr/SensorRead-eps-converted-to.pdf  used on input lin
e 36.
(pdftex.def)             Requested size: 85.35826pt x 80.2628pt.
[22 <./obr/servo.png> <./obr/Potentiometer-eps-converted-to.pdf> <./obr/SensorR
ead-eps-converted-to.pdf>] [23]
Package epstopdf Info: Source file: <obr/aritmeticky.eps>
(epstopdf)                    date: 2022-05-24 10:32:12
(epstopdf)                    size: 25251 bytes
(epstopdf)             Output file: <obr/aritmeticky-eps-converted-to.pdf>
(epstopdf)                    date: 2022-05-24 10:35:16
(epstopdf)                    size: 8210 bytes
(epstopdf)             Command: <miktex-epstopdf --outfile=obr/aritmeticky-eps-
converted-to.pdf obr/aritmeticky.eps>
(epstopdf)             \includegraphics on input line 84.
Package epstopdf Info: Output file is already uptodate.


pdfTeX warning: pdflatex.exe (file ./obr/aritmeticky-eps-converted-to.pdf): PDF
 inclusion: found PDF version <1.7>, but at most version <1.5> allowed
<obr/aritmeticky-eps-converted-to.pdf, id=260, 1156.32pt x 564.1075pt>
File: obr/aritmeticky-eps-converted-to.pdf Graphic file (type pdf)
<use obr/aritmeticky-eps-converted-to.pdf>
Package pdftex.def Info: obr/aritmeticky-eps-converted-to.pdf  used on input li
ne 84.
(pdftex.def)             Requested size: 483.69684pt x 235.96808pt.

Overfull \hbox (28.45273pt too wide) in paragraph at lines 84--85
 [][] 
 []

Package epstopdf Info: Source file: <obr/plavajuciAritmeticky.eps>
(epstopdf)                    date: 2022-05-24 10:31:27
(epstopdf)                    size: 37276 bytes
(epstopdf)             Output file: <obr/plavajuciAritmeticky-eps-converted-to.
pdf>
(epstopdf)                    date: 2022-05-24 10:35:17
(epstopdf)                    size: 11635 bytes
(epstopdf)             Command: <miktex-epstopdf --outfile=obr/plavajuciAritmet
icky-eps-converted-to.pdf obr/plavajuciAritmeticky.eps>
(epstopdf)             \includegraphics on input line 92.
Package epstopdf Info: Output file is already uptodate.


pdfTeX warning: pdflatex.exe (file ./obr/plavajuciAritmeticky-eps-converted-to.
pdf): PDF inclusion: found PDF version <1.7>, but at most version <1.5> allowed

<obr/plavajuciAritmeticky-eps-converted-to.pdf, id=261, 1156.32pt x 564.1075pt>

File: obr/plavajuciAritmeticky-eps-converted-to.pdf Graphic file (type pdf)
<use obr/plavajuciAritmeticky-eps-converted-to.pdf>
Package pdftex.def Info: obr/plavajuciAritmeticky-eps-converted-to.pdf  used on
 input line 92.
(pdftex.def)             Requested size: 483.69684pt x 235.96808pt.

Overfull \hbox (28.45273pt too wide) in paragraph at lines 92--93
 [][] 
 []

Package epstopdf Info: Source file: <obr/plavajuciVazeny.eps>
(epstopdf)                    date: 2022-05-24 10:31:52
(epstopdf)                    size: 40950 bytes
(epstopdf)             Output file: <obr/plavajuciVazeny-eps-converted-to.pdf>
(epstopdf)                    date: 2022-05-24 10:37:37
(epstopdf)                    size: 14443 bytes
(epstopdf)             Command: <miktex-epstopdf --outfile=obr/plavajuciVazeny-
eps-converted-to.pdf obr/plavajuciVazeny.eps>
(epstopdf)             \includegraphics on input line 100.
Package epstopdf Info: Output file is already uptodate.


pdfTeX warning: pdflatex.exe (file ./obr/plavajuciVazeny-eps-converted-to.pdf):
 PDF inclusion: found PDF version <1.7>, but at most version <1.5> allowed
<obr/plavajuciVazeny-eps-converted-to.pdf, id=262, 1156.32pt x 564.1075pt>
File: obr/plavajuciVazeny-eps-converted-to.pdf Graphic file (type pdf)
<use obr/plavajuciVazeny-eps-converted-to.pdf>
Package pdftex.def Info: obr/plavajuciVazeny-eps-converted-to.pdf  used on inpu
t line 100.
(pdftex.def)             Requested size: 483.69684pt x 235.96808pt.

Overfull \hbox (28.45273pt too wide) in paragraph at lines 100--101
 [][] 
 []

[24 <./obr/aritmeticky-eps-converted-to.pdf>] [25 <./obr/plavajuciAritmeticky-e
ps-converted-to.pdf> <./obr/plavajuciVazeny-eps-converted-to.pdf>]
Package epstopdf Info: Source file: <obr/aritmetickyVSvazeny.eps>
(epstopdf)                    date: 2022-05-24 10:32:39
(epstopdf)                    size: 39151 bytes
(epstopdf)             Output file: <obr/aritmetickyVSvazeny-eps-converted-to.p
df>
(epstopdf)                    date: 2022-05-24 10:38:21
(epstopdf)                    size: 15410 bytes
(epstopdf)             Command: <miktex-epstopdf --outfile=obr/aritmetickyVSvaz
eny-eps-converted-to.pdf obr/aritmetickyVSvazeny.eps>
(epstopdf)             \includegraphics on input line 109.
Package epstopdf Info: Output file is already uptodate.


pdfTeX warning: pdflatex.exe (file ./obr/aritmetickyVSvazeny-eps-converted-to.p
df): PDF inclusion: found PDF version <1.7>, but at most version <1.5> allowed
<obr/aritmetickyVSvazeny-eps-converted-to.pdf, id=284, 1156.32pt x 564.1075pt>
File: obr/aritmetickyVSvazeny-eps-converted-to.pdf Graphic file (type pdf)
<use obr/aritmetickyVSvazeny-eps-converted-to.pdf>
Package pdftex.def Info: obr/aritmetickyVSvazeny-eps-converted-to.pdf  used on 
input line 109.
(pdftex.def)             Requested size: 483.69684pt x 235.96808pt.

Overfull \hbox (28.45273pt too wide) in paragraph at lines 109--110
 [][] 
 []

) [26 <./obr/aritmetickyVSvazeny-eps-converted-to.pdf>]
\openout2 = `Zaver.aux'.

 (Zaver.tex
Kapitola 4.
) [27




] (Zavereƒçn√° pr√°ca.bbl

LaTeX Warning: Empty `thebibliography' environment on input line 3.

) [28



] (Zavereƒçn√° pr√°ca.aux (Uvod.aux) (Kapitola1.aux) (Kapitola2.aux)
(Kapitola3.aux) (Zaver.aux))

LaTeX Warning: There were undefined references.

 ) 
Here is how much of TeX's memory you used:
 9945 strings out of 478927
 166988 string characters out of 2852535
 526914 words of memory out of 3000000
 27515 multiletter control sequences out of 15000+600000
 416261 words of font info for 52 fonts, out of 8000000 for 9000
 1141 hyphenation exceptions out of 8191
 94i,10n,94p,2124b,283s stack positions out of 5000i,500n,10000p,200000b,80000s
 <C:\Users\micha\AppData\Local\MiKTeX\fonts/pk/ljfour/jknappen/ec/dpi600\tcrm
1200.pk> <C:\Users\micha\AppData\Local\MiKTeX\fonts/pk/ljfour/jknappen/ec/dpi60
0\ecbx2488.pk> <C:\Users\micha\AppData\Local\MiKTeX\fonts/pk/ljfour/jknappen/ec
/dpi600\ecbx1200.pk> <C:\Users\micha\AppData\Local\MiKTeX\fonts/pk/ljfour/jknap
pen/ec/dpi600\ecbx1728.pk> <C:\Users\micha\AppData\Local\MiKTeX\fonts/pk/ljfour
/jknappen/ec/dpi600\ecrm1200.pk> <C:\Users\micha\AppData\Local\MiKTeX\fonts/pk/
ljfour/jknappen/ec/dpi600\ecrm1440.pk> <C:\Users\micha\AppData\Local\MiKTeX\fon
ts/pk/ljfour/jknappen/ec/dpi600\ecxc1728.pk> <C:\Users\micha\AppData\Local\MiKT
eX\fonts/pk/ljfour/jknappen/ec/dpi600\ecbx1440.pk><C:/Users/micha/AppData/Local
/Programs/MiKTeX/fonts/type1/public/amsfonts/cm/cmex10.pfb><C:/Users/micha/AppD
ata/Local/Programs/MiKTeX/fonts/type1/public/amsfonts/cm/cmmi12.pfb><C:/Users/m
icha/AppData/Local/Programs/MiKTeX/fonts/type1/public/amsfonts/cm/cmmi8.pfb><C:
/Users/micha/AppData/Local/Programs/MiKTeX/fonts/type1/public/amsfonts/cm/cmr12
.pfb><C:/Users/micha/AppData/Local/Programs/MiKTeX/fonts/type1/public/amsfonts/
cm/cmr8.pfb><C:/Users/micha/AppData/Local/Programs/MiKTeX/fonts/type1/public/am
sfonts/cm/cmsy10.pfb><C:/Users/micha/AppData/Local/Programs/MiKTeX/fonts/type1/
public/amsfonts/cm/cmsy8.pfb>
Output written on "Zavereƒçn√° pr√°ca.pdf" (36 pages, 3537703 bytes).
PDF statistics:
 683 PDF objects out of 1000 (max. 8388607)
 0 named destinations out of 1000 (max. 500000)
 143 words of extra memory for PDF output out of 10000 (max. 10000000)

